[     824ms] [ERROR] Failed to fetch RSC payload for http://localhost:3000/signup. Falling back to browser navigation. TypeError: Failed to fetch
    at fetchServerResponse (webpack-internal:///(app-pages-browser)/./node_modules/next/dist/client/components/router-reducer/fetch-server-response.js:58:27)
    at fastRefreshReducerImpl (webpack-internal:///(app-pages-browser)/./node_modules/next/dist/client/components/router-reducer/reducers/fast-refresh-reducer.js:33:67)
    at clientReducer (webpack-internal:///(app-pages-browser)/./node_modules/next/dist/client/components/router-reducer/router-reducer.js:41:67)
    at Object.action (webpack-internal:///(app-pages-browser)/./node_modules/next/dist/shared/lib/router/action-queue.js:150:55)
    at runAction (webpack-internal:///(app-pages-browser)/./node_modules/next/dist/shared/lib/router/action-queue.js:56:38)
    at dispatchAction (webpack-internal:///(app-pages-browser)/./node_modules/next/dist/shared/lib/router/action-queue.js:113:9)
    at Object.dispatch (webpack-internal:///(app-pages-browser)/./node_modules/next/dist/shared/lib/router/action-queue.js:145:40)
    at eval (webpack-internal:///(app-pages-browser)/./node_modules/next/dist/client/components/use-reducer-with-devtools.js:130:21)
    at eval (webpack-internal:///(app-pages-browser)/./node_modules/next/dist/client/components/app-router.js:304:25)
    at startTransition (webpack-internal:///(app-pages-browser)/./node_modules/next/dist/compiled/react/cjs/react.development.js:2597:25)
    at Object.fastRefresh (webpack-internal:///(app-pages-browser)/./node_modules/next/dist/client/components/app-router.js:303:48)
    at processMessage (webpack-internal:///(app-pages-browser)/./node_modules/next/dist/client/components/react-dev-overlay/app/hot-reloader-client.js:297:31)
    at WebSocket.handler (webpack-internal:///(app-pages-browser)/./node_modules/next/dist/client/components/react-dev-overlay/app/hot-reloader-client.js:395:17) @ webpack-internal:///(app-pages-browser)/./node_modules/next/dist/client/app-index.js:32
[     825ms] [ERROR] Failed to load resource: the server responded with a status of 500 (Internal Server Error) @ http://localhost:3000/login:0
[    1048ms] Error: Cannot find module './276.js'
Require stack:
- /Users/chaitanyadavuluri/Desktop/clawking/.next/server/webpack-runtime.js
- /Users/chaitanyadavuluri/Desktop/clawking/.next/server/app/(auth)/signup/page.js
- /Users/chaitanyadavuluri/Desktop/clawking/node_modules/next/dist/server/require.js
- /Users/chaitanyadavuluri/Desktop/clawking/node_modules/next/dist/server/load-components.js
- /Users/chaitanyadavuluri/Desktop/clawking/node_modules/next/dist/build/utils.js
- /Users/chaitanyadavuluri/Desktop/clawking/node_modules/next/dist/server/dev/hot-middleware.js
- /Users/chaitanyadavuluri/Desktop/clawking/node_modules/next/dist/server/dev/hot-reloader-webpack.js
- /Users/chaitanyadavuluri/Desktop/clawking/node_modules/next/dist/server/lib/router-utils/setup-dev-bundler.js
- /Users/chaitanyadavuluri/Desktop/clawking/node_modules/next/dist/server/lib/router-server.js
- /Users/chaitanyadavuluri/Desktop/clawking/node_modules/next/dist/server/lib/start-server.js
    at Module.<anonymous> (node:internal/modules/cjs/loader:1369:15)
    at <unknown> (file:///Users/chaitanyadavuluri/Desktop/clawking/node_modules/next/dist/server/require-hook.js:55:36)
    at defaultResolveImpl (node:internal/modules/cjs/loader:1025:19)
    at resolveForCJSWithHooks (node:internal/modules/cjs/loader:1030:22)
    at Module._load (node:internal/modules/cjs/loader:1179:37)
    at TracingChannel.traceSync (node:diagnostics_channel:322:14)
    at wrapModuleLoad (node:internal/modules/cjs/loader:235:24)
    at Module.<anonymous> (node:internal/modules/cjs/loader:1449:12)
    at mod.require (file:///Users/chaitanyadavuluri/Desktop/clawking/node_modules/next/dist/server/require-hook.js:65:28)
    at require (node:internal/modules/helpers:135:16)
    at __webpack_require__.f.require (file:///Users/chaitanyadavuluri/Desktop/clawking/.next/server/webpack-runtime.js:198:28)
    at <unknown> (file:///Users/chaitanyadavuluri/Desktop/clawking/.next/server/webpack-runtime.js:111:40)
    at Array.reduce (<anonymous>)
    at __webpack_require__.e (file:///Users/chaitanyadavuluri/Desktop/clawking/.next/server/webpack-runtime.js:110:67)
    at Array.map (<anonymous>)
    at __webpack_require__.X (file:///Users/chaitanyadavuluri/Desktop/clawking/.next/server/webpack-runtime.js:162:22)
    at <unknown> (file:///Users/chaitanyadavuluri/Desktop/clawking/.next/server/app/(auth)/login/page.js:1:10756)
    at Object.<anonymous> (file:///Users/chaitanyadavuluri/Desktop/clawking/.next/server/app/(auth)/login/page.js:1:10809)
    at Module._compile (node:internal/modules/cjs/loader:1692:14)
    at Object..js (node:internal/modules/cjs/loader:1824:10)
    at Module.load (node:internal/modules/cjs/loader:1427:32)
    at Module._load (node:internal/modules/cjs/loader:1250:12)
    at TracingChannel.traceSync (node:diagnostics_channel:322:14)
    at wrapModuleLoad (node:internal/modules/cjs/loader:235:24)
    at Module.<anonymous> (node:internal/modules/cjs/loader:1449:12)
    at mod.require (file:///Users/chaitanyadavuluri/Desktop/clawking/node_modules/next/dist/server/require-hook.js:65:28)
    at require (node:internal/modules/helpers:135:16)
    at requirePage (file:///Users/chaitanyadavuluri/Desktop/clawking/node_modules/next/dist/server/require.js:109:84)
    at <unknown> (file:///Users/chaitanyadavuluri/Desktop/clawking/node_modules/next/dist/server/load-components.js:98:84)
    at async loadComponentsImpl (file:///Users/chaitanyadavuluri/Desktop/clawking/node_modules/next/dist/server/load-components.js:98:26)
    at async DevServer.findPageComponentsImpl (file:///Users/chaitanyadavuluri/Desktop/clawking/node_modules/next/dist/server/next-server.js:709:36)
    at async DevServer.findPageComponents (file:///Users/chaitanyadavuluri/Desktop/clawking/node_modules/next/dist/server/dev/next-dev-server.js:577:20)
    at async DevServer.renderPageComponent (file:///Users/chaitanyadavuluri/Desktop/clawking/node_modules/next/dist/server/base-server.js:1897:24)
    at async DevServer.renderToResponseImpl (file:///Users/chaitanyadavuluri/Desktop/clawking/node_modules/next/dist/server/base-server.js:1949:32)
    at async DevServer.pipeImpl (file:///Users/chaitanyadavuluri/Desktop/clawking/node_modules/next/dist/server/base-server.js:921:25)
    at async NextNodeServer.handleCatchallRenderRequest (file:///Users/chaitanyadavuluri/Desktop/clawking/node_modules/next/dist/server/next-server.js:272:17)
    at async DevServer.handleRequestImpl (file:///Users/chaitanyadavuluri/Desktop/clawking/node_modules/next/dist/server/base-server.js:817:17)
    at async (file:///Users/chaitanyadavuluri/Desktop/clawking/node_modules/next/dist/server/dev/next-dev-server.js:339:20)
    at async Span.traceAsyncFn (file:///Users/chaitanyadavuluri/Desktop/clawking/node_modules/next/dist/trace/trace.js:154:20)
    at async DevServer.handleRequest (file:///Users/chaitanyadavuluri/Desktop/clawking/node_modules/next/dist/server/dev/next-dev-server.js:336:24)
    at async invokeRender (file:///Users/chaitanyadavuluri/Desktop/clawking/node_modules/next/dist/server/lib/router-server.js:173:21)
    at async handleRequest (file:///Users/chaitanyadavuluri/Desktop/clawking/node_modules/next/dist/server/lib/router-server.js:350:24)
    at async requestHandlerImpl (file:///Users/chaitanyadavuluri/Desktop/clawking/node_modules/next/dist/server/lib/router-server.js:374:13)
    at async Server.requestListener (file:///Users/chaitanyadavuluri/Desktop/clawking/node_modules/next/dist/server/lib/start-server.js:141:13)
[    7600ms] [ERROR] WebSocket connection to 'ws://localhost:3000/_next/webpack-hmr' failed: Error in connection establishment: net::ERR_CONNECTION_REFUSED @ webpack-internal:///./node_modules/next/dist/client/components/react-dev-overlay/pages/websocket.js:63
[    8604ms] [ERROR] WebSocket connection to 'ws://localhost:3000/_next/webpack-hmr' failed: Error in connection establishment: net::ERR_CONNECTION_REFUSED @ webpack-internal:///./node_modules/next/dist/client/components/react-dev-overlay/pages/websocket.js:63
[    9607ms] [ERROR] WebSocket connection to 'ws://localhost:3000/_next/webpack-hmr' failed: Error in connection establishment: net::ERR_CONNECTION_REFUSED @ webpack-internal:///./node_modules/next/dist/client/components/react-dev-overlay/pages/websocket.js:63
[   10609ms] [ERROR] WebSocket connection to 'ws://localhost:3000/_next/webpack-hmr' failed: Error in connection establishment: net::ERR_CONNECTION_REFUSED @ webpack-internal:///./node_modules/next/dist/client/components/react-dev-overlay/pages/websocket.js:63
[   15681ms] [WARNING] [Fast Refresh] performing full reload

Fast Refresh will perform a full reload when you edit a file that's imported by modules outside of the React rendering tree.
You might have a file which exports a React component but also exports a value that is imported by a non-React component file.
Consider migrating the non-React component export to a separate file and importing it into both files.

It is also possible the parent component of the component you edited is a class component, which disables Fast Refresh.
Fast Refresh requires at least one parent function component in your React tree. @ webpack-internal:///./node_modules/next/dist/client/components/react-dev-overlay/pages/hot-reloader-client.js:347
